#
# There is insufficient memory for the Java Runtime Environment to continue.
# Native memory allocation (malloc) failed to allocate 1736496 bytes for Chunk::new
# Possible reasons:
#   The system is out of physical RAM or swap space
#   In 32 bit mode, the process size limit was hit
# Possible solutions:
#   Reduce memory load on the system
#   Increase physical memory or swap space
#   Check if swap backing store is full
#   Use 64 bit Java on a 64 bit OS
#   Decrease Java heap size (-Xmx/-Xms)
#   Decrease number of Java threads
#   Decrease Java thread stack sizes (-Xss)
#   Set larger code cache with -XX:ReservedCodeCacheSize=
# This output file may be truncated or incomplete.
#
#  Out of Memory Error (allocation.cpp:388), pid=8352, tid=9236
#
# JRE version: Java(TM) SE Runtime Environment (8.0_11-b12) (build 1.8.0_11-b12)
# Java VM: Java HotSpot(TM) 64-Bit Server VM (25.11-b03 mixed mode windows-amd64 compressed oops)
# Failed to write core dump. Minidumps are not enabled by default on client versions of Windows
#

---------------  T H R E A D  ---------------

Current thread (0x00000000564b1000):  JavaThread "C2 CompilerThread0" daemon [_thread_in_native, id=9236, stack(0x0000000056b10000,0x0000000056c10000)]

Stack: [0x0000000056b10000,0x0000000056c10000]
Native frames: (J=compiled Java code, j=interpreted, Vv=VM code, C=native code)
V  [jvm.dll+0x308eca]
V  [jvm.dll+0x25e121]
V  [jvm.dll+0x25ed33]
V  [jvm.dll+0x256705]
V  [jvm.dll+0xbd2b5]
V  [jvm.dll+0xbd75c]
V  [jvm.dll+0x44d772]
V  [jvm.dll+0x48e3cf]
V  [jvm.dll+0x442cbe]
V  [jvm.dll+0x4439eb]
V  [jvm.dll+0x427722]
V  [jvm.dll+0x96982]
V  [jvm.dll+0x97173]
V  [jvm.dll+0x2234b4]
V  [jvm.dll+0x27bcca]
C  [msvcr100.dll+0x21d9f]
C  [msvcr100.dll+0x21e3b]
C  [kernel32.dll+0x15a4d]
C  [ntdll.dll+0x2b831]


Current CompileTask:
C2:  20673 1995   !   4       com.android.dx.cf.code.Ropper::processBlock (1101 bytes)


---------------  P R O C E S S  ---------------

Java Threads: ( => current thread )
  0x0000000056505000 JavaThread "Service Thread" daemon [_thread_blocked, id=12972, stack(0x0000000057060000,0x0000000057160000)]
  0x00000000551dd800 JavaThread "C1 CompilerThread2" daemon [_thread_blocked, id=12344, stack(0x00000000568f0000,0x00000000569f0000)]
  0x00000000564b5000 JavaThread "C2 CompilerThread1" daemon [_thread_in_vm, id=11668, stack(0x0000000056ea0000,0x0000000056fa0000)]
=>0x00000000564b1000 JavaThread "C2 CompilerThread0" daemon [_thread_in_native, id=9236, stack(0x0000000056b10000,0x0000000056c10000)]
  0x00000000564b0800 JavaThread "Attach Listener" daemon [_thread_blocked, id=11092, stack(0x0000000056c90000,0x0000000056d90000)]
  0x00000000551d8000 JavaThread "Signal Dispatcher" daemon [_thread_blocked, id=1612, stack(0x0000000056a00000,0x0000000056b00000)]
  0x000000005517a000 JavaThread "Finalizer" daemon [_thread_blocked, id=11312, stack(0x0000000056270000,0x0000000056370000)]
  0x000000005516f000 JavaThread "Reference Handler" daemon [_thread_blocked, id=12572, stack(0x00000000563b0000,0x00000000564b0000)]
  0x0000000001d4f000 JavaThread "main" [_thread_blocked, id=11352, stack(0x0000000002490000,0x0000000002590000)]

Other Threads:
  0x0000000055168000 VMThread [stack: 0x00000000560e0000,0x00000000561e0000] [id=12436]
  0x0000000056508000 WatcherThread [stack: 0x0000000056da0000,0x0000000056ea0000] [id=10316]

VM state:not at safepoint (normal execution)

VM Mutex/Monitor currently owned by a thread:  ([mutex/lock_event])
[0x0000000001d4ce80] Heap_lock - owner thread: 0x0000000001d4f000

Heap:
 PSYoungGen      total 109568K, used 10725K [0x00000000eab00000, 0x00000000f2700000, 0x0000000100000000)
  eden space 96768K, 0% used [0x00000000eab00000,0x00000000eab00040,0x00000000f0980000)
  from space 12800K, 83% used [0x00000000f1780000,0x00000000f21f9758,0x00000000f2400000)
  to   space 14336K, 0% used [0x00000000f0980000,0x00000000f0980000,0x00000000f1780000)
 ParOldGen       total 129536K, used 51314K [0x00000000c0000000, 0x00000000c7e80000, 0x00000000eab00000)
  object space 129536K, 39% used [0x00000000c0000000,0x00000000c321c858,0x00000000c7e80000)
 Metaspace       used 5788K, capacity 7024K, committed 7296K, reserved 1056768K
  class space    used 576K, capacity 616K, committed 640K, reserved 1048576K

Card table byte_map: [0x0000000011c20000,0x0000000011e30000] byte_map_base: 0x0000000011620000

Marking Bits: (ParMarkBitMap*) 0x000000005ae612b0
 Begin Bits: [0x00000000125e0000, 0x00000000135e0000)
 End Bits:   [0x00000000135e0000, 0x00000000145e0000)

Polling page: 0x0000000000450000

CodeCache: size=245760Kb used=8374Kb max_used=8421Kb free=237385Kb
 bounds [0x0000000002860000, 0x00000000030b0000, 0x0000000011860000]
 total_blobs=2160 nmethods=1899 adapters=174
 compilation: disabled (not enough contiguous free space left)

Compilation events (10 events):
Event: 18.077 Thread 0x00000000551dd800 2056       2       com.android.dx.rop.code.Rops::opConv (231 bytes)
Event: 18.079 Thread 0x00000000551dd800 nmethod 2056 0x0000000003080150 code [0x00000000030803c0, 0x0000000003080e78]
Event: 18.518 Thread 0x00000000551dd800 2057       2       com.android.dx.rop.annotation.AnnotationsList::set (11 bytes)
Event: 18.519 Thread 0x00000000551dd800 nmethod 2057 0x000000000307f690 code [0x000000000307f840, 0x000000000307fcd8]
Event: 18.520 Thread 0x00000000551dd800 2058       2       com.android.dx.rop.annotation.AnnotationsList::get (9 bytes)
Event: 18.521 Thread 0x00000000551dd800 nmethod 2058 0x000000000307f2d0 code [0x000000000307f440, 0x000000000307f5e8]
Event: 18.521 Thread 0x00000000551dd800 2059       2       com.android.dx.dex.file.AnnotationSetRefItem::<init> (26 bytes)
Event: 18.521 Thread 0x00000000551dd800 nmethod 2059 0x000000000307ee50 code [0x000000000307efc0, 0x000000000307f1f8]
Event: 18.522 Thread 0x00000000551dd800 2060   !   2       com.android.dx.dex.file.UniformListItem::getAlignment (40 bytes)
Event: 18.523 Thread 0x00000000551dd800 nmethod 2060 0x000000000307e7d0 code [0x000000000307e960, 0x000000000307ec68]

GC Heap History (10 events):
Event: 10.902 GC heap before
{Heap before GC invocations=16 (full 0):
 PSYoungGen      total 36352K, used 36320K [0x00000000eab00000, 0x00000000ee980000, 0x0000000100000000)
  eden space 32256K, 100% used [0x00000000eab00000,0x00000000eca80000,0x00000000eca80000)
  from space 4096K, 99% used [0x00000000eca80000,0x00000000ece78010,0x00000000ece80000)
  to   space 6144K, 0% used [0x00000000ee380000,0x00000000ee380000,0x00000000ee980000)
 ParOldGen       total 129536K, used 16781K [0x00000000c0000000, 0x00000000c7e80000, 0x00000000eab00000)
  object space 129536K, 12% used [0x00000000c0000000,0x00000000c1063698,0x00000000c7e80000)
 Metaspace       used 5660K, capacity 6960K, committed 7040K, reserved 1056768K
  class space    used 556K, capacity 616K, committed 640K, reserved 1048576K
Event: 10.961 GC heap after
Heap after GC invocations=16 (full 0):
 PSYoungGen      total 56832K, used 5159K [0x00000000eab00000, 0x00000000eeb80000, 0x0000000100000000)
  eden space 50688K, 0% used [0x00000000eab00000,0x00000000eab00000,0x00000000edc80000)
  from space 6144K, 83% used [0x00000000ee380000,0x00000000ee889cc0,0x00000000ee980000)
  to   space 7168K, 0% used [0x00000000edc80000,0x00000000edc80000,0x00000000ee380000)
 ParOldGen       total 129536K, used 20846K [0x00000000c0000000, 0x00000000c7e80000, 0x00000000eab00000)
  object space 129536K, 16% used [0x00000000c0000000,0x00000000c145b9a8,0x00000000c7e80000)
 Metaspace       used 5660K, capacity 6960K, committed 7040K, reserved 1056768K
  class space    used 556K, capacity 616K, committed 640K, reserved 1048576K
}
Event: 12.740 GC heap before
{Heap before GC invocations=17 (full 0):
 PSYoungGen      total 56832K, used 55847K [0x00000000eab00000, 0x00000000eeb80000, 0x0000000100000000)
  eden space 50688K, 100% used [0x00000000eab00000,0x00000000edc80000,0x00000000edc80000)
  from space 6144K, 83% used [0x00000000ee380000,0x00000000ee889cc0,0x00000000ee980000)
  to   space 7168K, 0% used [0x00000000edc80000,0x00000000edc80000,0x00000000ee380000)
 ParOldGen       total 129536K, used 20846K [0x00000000c0000000, 0x00000000c7e80000, 0x00000000eab00000)
  object space 129536K, 16% used [0x00000000c0000000,0x00000000c145b9a8,0x00000000c7e80000)
 Metaspace       used 5672K, capacity 6960K, committed 7040K, reserved 1056768K
  class space    used 556K, capacity 616K, committed 640K, reserved 1048576K
Event: 13.402 GC heap after
Heap after GC invocations=17 (full 0):
 PSYoungGen      total 57856K, used 7153K [0x00000000eab00000, 0x00000000f0480000, 0x0000000100000000)
  eden space 50688K, 0% used [0x00000000eab00000,0x00000000eab00000,0x00000000edc80000)
  from space 7168K, 99% used [0x00000000edc80000,0x00000000ee37c6e8,0x00000000ee380000)
  to   space 10240K, 0% used [0x00000000efa80000,0x00000000efa80000,0x00000000f0480000)
 ParOldGen       total 129536K, used 26577K [0x00000000c0000000, 0x00000000c7e80000, 0x00000000eab00000)
  object space 129536K, 20% used [0x00000000c0000000,0x00000000c19f47b8,0x00000000c7e80000)
 Metaspace       used 5672K, capacity 6960K, committed 7040K, reserved 1056768K
  class space    used 556K, capacity 616K, committed 640K, reserved 1048576K
}
Event: 14.504 GC heap before
{Heap before GC invocations=18 (full 0):
 PSYoungGen      total 57856K, used 57841K [0x00000000eab00000, 0x00000000f0480000, 0x0000000100000000)
  eden space 50688K, 100% used [0x00000000eab00000,0x00000000edc80000,0x00000000edc80000)
  from space 7168K, 99% used [0x00000000edc80000,0x00000000ee37c6e8,0x00000000ee380000)
  to   space 10240K, 0% used [0x00000000efa80000,0x00000000efa80000,0x00000000f0480000)
 ParOldGen       total 129536K, used 26577K [0x00000000c0000000, 0x00000000c7e80000, 0x00000000eab00000)
  object space 129536K, 20% used [0x00000000c0000000,0x00000000c19f47b8,0x00000000c7e80000)
 Metaspace       used 5685K, capacity 6960K, committed 7040K, reserved 1056768K
  class space    used 556K, capacity 616K, committed 640K, reserved 1048576K
Event: 14.884 GC heap after
Heap after GC invocations=18 (full 0):
 PSYoungGen      total 80384K, used 8530K [0x00000000eab00000, 0x00000000f0680000, 0x0000000100000000)
  eden space 70144K, 0% used [0x00000000eab00000,0x00000000eab00000,0x00000000eef80000)
  from space 10240K, 83% used [0x00000000efa80000,0x00000000f02d4958,0x00000000f0480000)
  to   space 11264K, 0% used [0x00000000eef80000,0x00000000eef80000,0x00000000efa80000)
 ParOldGen       total 129536K, used 33730K [0x00000000c0000000, 0x00000000c7e80000, 0x00000000eab00000)
  object space 129536K, 26% used [0x00000000c0000000,0x00000000c20f09d8,0x00000000c7e80000)
 Metaspace       used 5685K, capacity 6960K, committed 7040K, reserved 1056768K
  class space    used 556K, capacity 616K, committed 640K, reserved 1048576K
}
Event: 15.817 GC heap before
{Heap before GC invocations=19 (full 0):
 PSYoungGen      total 80384K, used 78674K [0x00000000eab00000, 0x00000000f0680000, 0x0000000100000000)
  eden space 70144K, 100% used [0x00000000eab00000,0x00000000eef80000,0x00000000eef80000)
  from space 10240K, 83% used [0x00000000efa80000,0x00000000f02d4958,0x00000000f0480000)
  to   space 11264K, 0% used [0x00000000eef80000,0x00000000eef80000,0x00000000efa80000)
 ParOldGen       total 129536K, used 33730K [0x00000000c0000000, 0x00000000c7e80000, 0x00000000eab00000)
  object space 129536K, 26% used [0x00000000c0000000,0x00000000c20f09d8,0x00000000c7e80000)
 Metaspace       used 5782K, capacity 7024K, committed 7296K, reserved 1056768K
  class space    used 576K, capacity 616K, committed 640K, reserved 1048576K
Event: 17.274 GC heap after
Heap after GC invocations=19 (full 0):
 PSYoungGen      total 81408K, used 9941K [0x00000000eab00000, 0x00000000f2400000, 0x0000000100000000)
  eden space 70144K, 0% used [0x00000000eab00000,0x00000000eab00000,0x00000000eef80000)
  from space 11264K, 88% used [0x00000000eef80000,0x00000000ef935738,0x00000000efa80000)
  to   space 12800K, 0% used [0x00000000f1780000,0x00000000f1780000,0x00000000f2400000)
 ParOldGen       total 129536K, used 41809K [0x00000000c0000000, 0x00000000c7e80000, 0x00000000eab00000)
  object space 129536K, 32% used [0x00000000c0000000,0x00000000c28d4698,0x00000000c7e80000)
 Metaspace       used 5782K, capacity 7024K, committed 7296K, reserved 1056768K
  class space    used 576K, capacity 616K, committed 640K, reserved 1048576K
}
Event: 18.954 GC heap before
{Heap before GC invocations=20 (full 0):
 PSYoungGen      total 81408K, used 80085K [0x00000000eab00000, 0x00000000f2400000, 0x0000000100000000)
  eden space 70144K, 100% used [0x00000000eab00000,0x00000000eef80000,0x00000000eef80000)
  from space 11264K, 88% used [0x00000000eef80000,0x00000000ef935738,0x00000000efa80000)
  to   space 12800K, 0% used [0x00000000f1780000,0x00000000f1780000,0x00000000f2400000)
 ParOldGen       total 129536K, used 41809K [0x00000000c0000000, 0x00000000c7e80000, 0x00000000eab00000)
  object space 129536K, 32% used [0x00000000c0000000,0x00000000c28d4698,0x00000000c7e80000)
 Metaspace       used 5788K, capacity 7024K, committed 7296K, reserved 1056768K
  class space    used 576K, capacity 616K, committed 640K, reserved 1048576K
Event: 20.616 GC heap after
Heap after GC invocations=20 (full 0):
 PSYoungGen      total 109568K, used 10725K [0x00000000eab00000, 0x00000000f2700000, 0x0000000100000000)
  eden space 96768K, 0% used [0x00000000eab00000,0x00000000eab00000,0x00000000f0980000)
  from space 12800K, 83% used [0x00000000f1780000,0x00000000f21f9758,0x00000000f2400000)
  to   space 14336K, 0% used [0x00000000f0980000,0x00000000f0980000,0x00000000f1780000)
 ParOldGen       total 129536K, used 51314K [0x00000000c0000000, 0x00000000c7e80000, 0x00000000eab00000)
  object space 129536K, 39% used [0x00000000c0000000,0x00000000c321c858,0x00000000c7e80000)
 Metaspace       used 5788K, capacity 7024K, committed 7296K, reserved 1056768K
  class space    used 576K, capacity 616K, committed 640K, reserved 1048576K
}

Deoptimization events (10 events):
Event: 14.935 Thread 0x0000000001d4f000 Uncommon trap: reason=class_check action=maybe_recompile pc=0x000000000302bf10 method=com.android.dx.cf.iface.StdAttributeList.findFirst(Ljava/lang/String;)Lcom/android/dx/cf/iface/Attribute; @ 21
Event: 14.935 Thread 0x0000000001d4f000 Uncommon trap: reason=class_check action=maybe_recompile pc=0x000000000302bf10 method=com.android.dx.cf.iface.StdAttributeList.findFirst(Ljava/lang/String;)Lcom/android/dx/cf/iface/Attribute; @ 21
Event: 14.935 Thread 0x0000000001d4f000 Uncommon trap: reason=class_check action=maybe_recompile pc=0x000000000302bf10 method=com.android.dx.cf.iface.StdAttributeList.findFirst(Ljava/lang/String;)Lcom/android/dx/cf/iface/Attribute; @ 21
Event: 14.935 Thread 0x0000000001d4f000 Uncommon trap: reason=class_check action=maybe_recompile pc=0x000000000302bf10 method=com.android.dx.cf.iface.StdAttributeList.findFirst(Ljava/lang/String;)Lcom/android/dx/cf/iface/Attribute; @ 21
Event: 15.078 Thread 0x0000000001d4f000 Uncommon trap: reason=null_check action=make_not_entrant pc=0x000000000304fa5c method=com.android.dx.cf.code.Ropper$CatchInfo.getSetup(Lcom/android/dx/rop/type/Type;)Lcom/android/dx/cf/code/Ropper$ExceptionHandlerSetup; @ 10
Event: 15.359 Thread 0x0000000001d4f000 Uncommon trap: reason=bimorphic action=maybe_recompile pc=0x0000000003032e4c method=com.android.dx.cf.code.BytecodeArray.parseInstruction(ILcom/android/dx/cf/code/BytecodeArray$Visitor;)I @ 1287
Event: 15.359 Thread 0x0000000001d4f000 Uncommon trap: reason=bimorphic action=maybe_recompile pc=0x0000000003032e4c method=com.android.dx.cf.code.BytecodeArray.parseInstruction(ILcom/android/dx/cf/code/BytecodeArray$Visitor;)I @ 1287
Event: 15.562 Thread 0x0000000001d4f000 Uncommon trap: reason=unreached action=reinterpret pc=0x000000000302c448 method=java.util.HashMap.getNode(ILjava/lang/Object;)Ljava/util/HashMap$Node; @ 84
Event: 17.355 Thread 0x0000000001d4f000 Uncommon trap: reason=unreached action=reinterpret pc=0x0000000002daa42c method=java.util.HashMap.putVal(ILjava/lang/Object;Ljava/lang/Object;ZZ)Ljava/lang/Object; @ 109
Event: 17.448 Thread 0x0000000001d4f000 Uncommon trap: reason=unreached action=reinterpret pc=0x000000000302da54 method=java.util.HashMap.putVal(ILjava/lang/Object;Ljava/lang/Object;ZZ)Ljava/lang/Object; @ 109

Internal exceptions (10 events):
Event: 4.852 Thread 0x0000000001d4f000 Exception <a 'java/security/PrivilegedActionException'> (0x00000000eafed438) thrown at [C:\re\workspace\8-2-build-windows-amd64-cygwin\jdk8u11\648\hotspot\src\share\vm\prims\jvm.cpp, line 1248]
Event: 6.463 Thread 0x0000000001d4f000 Exception <a 'java/security/PrivilegedActionException'> (0x00000000eb02f6e0) thrown at [C:\re\workspace\8-2-build-windows-amd64-cygwin\jdk8u11\648\hotspot\src\share\vm\prims\jvm.cpp, line 1248]
Event: 8.519 Thread 0x0000000001d4f000 Implicit null exception at 0x0000000002eb8492 to 0x0000000002eb9eed
Event: 9.874 Thread 0x0000000001d4f000 Implicit null exception at 0x0000000002c12ad2 to 0x0000000002c12bc2
Event: 11.172 Thread 0x0000000001d4f000 Exception <a 'java/security/PrivilegedActionException'> (0x00000000eba311c8) thrown at [C:\re\workspace\8-2-build-windows-amd64-cygwin\jdk8u11\648\hotspot\src\share\vm\prims\jvm.cpp, line 1248]
Event: 14.995 Thread 0x0000000001d4f000 Exception <a 'java/security/PrivilegedActionException'> (0x00000000eb24a7d0) thrown at [C:\re\workspace\8-2-build-windows-amd64-cygwin\jdk8u11\648\hotspot\src\share\vm\prims\jvm.cpp, line 1248]
Event: 15.078 Thread 0x0000000001d4f000 Implicit null exception at 0x000000000304928d to 0x000000000304fa3d
Event: 15.556 Thread 0x0000000001d4f000 Exception <a 'java/lang/ArrayIndexOutOfBoundsException': 18> (0x00000000edd10f10) thrown at [C:\re\workspace\8-2-build-windows-amd64-cygwin\jdk8u11\648\hotspot\src\share\vm\interpreter\interpreterRuntime.cpp, line 337]
Event: 15.557 Thread 0x0000000001d4f000 Exception <a 'java/lang/ArrayIndexOutOfBoundsException': 145> (0x00000000edd129a8) thrown at [C:\re\workspace\8-2-build-windows-amd64-cygwin\jdk8u11\648\hotspot\src\share\vm\interpreter\interpreterRuntime.cpp, line 337]
Event: 15.558 Thread 0x0000000001d4f000 Exception <a 'java/lang/ArrayIndexOutOfBoundsException'> (0x00000000edd13bc0) thrown at [C:\re\workspace\8-2-build-windows-amd64-cygwin\jdk8u11\648\hotspot\src\share\vm\runtime\sharedRuntime.cpp, line 595]

Events (10 events):
Event: 17.862 Thread 0x0000000001d4f000 DEOPT PACKING pc=0x0000000002ce2921 sp=0x000000000258e810
Event: 17.862 Thread 0x0000000001d4f000 DEOPT UNPACKING pc=0x00000000028a7604 sp=0x000000000258e570 mode 0
Event: 17.878 Thread 0x0000000001d4f000 DEOPT PACKING pc=0x0000000002bd4d65 sp=0x000000000258e840
Event: 17.878 Thread 0x0000000001d4f000 DEOPT UNPACKING pc=0x00000000028a7604 sp=0x000000000258e5e0 mode 0
Event: 17.911 Thread 0x0000000001d4f000 DEOPT PACKING pc=0x0000000002ec819b sp=0x000000000258e620
Event: 17.911 Thread 0x0000000001d4f000 DEOPT UNPACKING pc=0x00000000028a7604 sp=0x000000000258e3a0 mode 0
Event: 18.063 Thread 0x0000000001d4f000 DEOPT PACKING pc=0x0000000002ce2921 sp=0x000000000258e810
Event: 18.063 Thread 0x0000000001d4f000 DEOPT UNPACKING pc=0x00000000028a7604 sp=0x000000000258e570 mode 0
Event: 18.954 Executing VM operation: ParallelGCFailedAllocation
Event: 20.616 Executing VM operation: ParallelGCFailedAllocation done


Dynamic libraries:
0x000000013fd10000 - 0x000000013fd44000 	C:\Program Files\Java\jdk1.8.0_11\bin\java.exe
0x0000000077c80000 - 0x0000000077e29000 	C:\Windows\SYSTEM32\ntdll.dll
0x0000000077a60000 - 0x0000000077b80000 	C:\Windows\system32\kernel32.dll
0x000007fefc950000 - 0x000007fefc9bc000 	C:\Windows\system32\KERNELBASE.dll
0x000007fefcf70000 - 0x000007fefd04b000 	C:\Windows\system32\ADVAPI32.dll
0x000007fefd430000 - 0x000007fefd4cf000 	C:\Windows\system32\msvcrt.dll
0x000007fefe9a0000 - 0x000007fefe9bf000 	C:\Windows\SYSTEM32\sechost.dll
0x000007fefd280000 - 0x000007fefd3ad000 	C:\Windows\system32\RPCRT4.dll
0x0000000077b80000 - 0x0000000077c7a000 	C:\Windows\system32\USER32.dll
0x000007fefeae0000 - 0x000007fefeb47000 	C:\Windows\system32\GDI32.dll
0x000007fefead0000 - 0x000007fefeade000 	C:\Windows\system32\LPK.dll
0x000007fefd130000 - 0x000007fefd1f9000 	C:\Windows\system32\USP10.dll
0x000007fefafb0000 - 0x000007fefb1a4000 	C:\Windows\WinSxS\amd64_microsoft.windows.common-controls_6595b64144ccf1df_6.0.7601.18837_none_fa3b1e3d17594757\COMCTL32.dll
0x000007fefd3b0000 - 0x000007fefd421000 	C:\Windows\system32\SHLWAPI.dll
0x000007fefe580000 - 0x000007fefe5ae000 	C:\Windows\system32\IMM32.DLL
0x000007fefeb50000 - 0x000007fefec59000 	C:\Windows\system32\MSCTF.dll
0x000007fef5820000 - 0x000007fef58b1000 	C:\Program Files (x86)\AVG\AVG2015\avghooka.dll
0x000000005fef0000 - 0x000000005ffc2000 	C:\Program Files\Java\jdk1.8.0_11\jre\bin\msvcr100.dll
0x000000005a6b0000 - 0x000000005aeda000 	C:\Program Files\Java\jdk1.8.0_11\jre\bin\server\jvm.dll
0x000007fef6aa0000 - 0x000007fef6aa9000 	C:\Windows\system32\WSOCK32.dll
0x000007fefe260000 - 0x000007fefe2ad000 	C:\Windows\system32\WS2_32.dll
0x000007fefeac0000 - 0x000007fefeac8000 	C:\Windows\system32\NSI.dll
0x000007fef95b0000 - 0x000007fef95eb000 	C:\Windows\system32\WINMM.dll
0x0000000077e50000 - 0x0000000077e57000 	C:\Windows\system32\PSAPI.DLL
0x0000000074220000 - 0x000000007422f000 	C:\Program Files\Java\jdk1.8.0_11\jre\bin\verify.dll
0x000000006a000000 - 0x000000006a028000 	C:\Program Files\Java\jdk1.8.0_11\jre\bin\java.dll
0x000000006dd80000 - 0x000000006dd96000 	C:\Program Files\Java\jdk1.8.0_11\jre\bin\zip.dll
0x000007fefd4d0000 - 0x000007fefe259000 	C:\Windows\system32\SHELL32.dll
0x000007fefe5b0000 - 0x000007fefe7b3000 	C:\Windows\system32\ole32.dll
0x000007fefc700000 - 0x000007fefc70f000 	C:\Windows\system32\profapi.dll
0x000007fef3ea0000 - 0x000007fef3fc5000 	C:\Windows\system32\dbghelp.dll

VM Arguments:
jvm_args: -Djava.awt.headless=true -Xmx1024M -Dfile.encoding=windows-1252 -Duser.country=US -Duser.language=en -Duser.variant 
java_command: com.android.dx.command.Main --dex --output C:\Users\fred\AndroidStudioProjects\Seat97\app\build\intermediates\pre-dexed\debug\com.android.support-support-v4-23.1.1_aab03e6524d570e8500d47085cff52d20617a08f.jar C:\Users\fred\AndroidStudioProjects\Seat97\app\build\intermediates\exploded-aar\com.android.support\support-v4\23.1.1\jars\classes.jar
java_class_path (initial): C:\Users\fred\AppData\Local\Android\Sdk\build-tools\21.1.2\lib\dx.jar
Launcher Type: SUN_STANDARD

Environment Variables:
PATH=C:\ProgramData\Oracle\Java\javapath;C:\Program Files (x86)\Intel\iCLS Client\;C:\Program Files\Intel\iCLS Client\;C:\Program Files\Common Files\Microsoft Shared\Windows Live;C:\Program Files (x86)\Common Files\Microsoft Shared\Windows Live;C:\Windows\system32;C:\Windows;C:\Windows\System32\Wbem;C:\Windows\System32\WindowsPowerShell\v1.0\;C:\Program Files (x86)\Windows Live\Shared;C:\Program Files\Intel\Intel(R) Management Engine Components\DAL;C:\Program Files\Intel\Intel(R) Management Engine Components\IPT;C:\Program Files (x86)\Intel\Intel(R) Management Engine Components\DAL;C:\Program Files (x86)\Intel\Intel(R) Management Engine Components\IPT;C:\Program Files (x86)\Common Files\Acronis\SnapAPI\;C:\Program Files\Microsoft SQL Server\110\Tools\Binn\;C:\Program Files\cURL\bin;C:\Program Files\Intel\WiFi\bin\;C:\Program Files\Common Files\Intel\WirelessCommon\;C:\Program Files (x86)\Common Files\Ulead Systems\MPEG;C:\Program Files (x86)\Intel\OpenCL SDK\2.0\bin\x86;C:\Program Files (x86)\Intel\OpenCL SDK\2.0\bin\x64;C:\Program Files (x86)\QuickTime\QTSystem\;C:\Program Files\Intel\WiFi\bin\;C:\Program Files\Common Files\Intel\WirelessCommon\
USERNAME=fred
OS=Windows_NT
PROCESSOR_IDENTIFIER=Intel64 Family 6 Model 58 Stepping 9, GenuineIntel



---------------  S Y S T E M  ---------------

OS: Windows 7 , 64 bit Build 7601 Service Pack 1

CPU:total 4 (2 cores per cpu, 2 threads per core) family 6 model 58 stepping 9, cmov, cx8, fxsr, mmx, sse, sse2, sse3, ssse3, sse4.1, sse4.2, popcnt, avx, aes, clmul, erms, ht, tsc, tscinvbit

Memory: 4k page, physical 8288576k(1163924k free), swap 8286740k(15916k free)

vm_info: Java HotSpot(TM) 64-Bit Server VM (25.11-b03) for windows-amd64 JRE (1.8.0_11-b12), built on Jun 16 2014 20:57:32 by "java_re" with MS VC++ 10.0 (VS2010)

time: Wed Dec 02 13:26:27 2015
elapsed time: 20 seconds

