
Java Threads: ( => current thread )
=>0x00000000552ee800 JavaThread "Finalizer" daemon [_thread_in_vm, id=11504, stack(0x00000000564d0000,0x00000000565d0000)]
  0x00000000552e9800 JavaThread "Reference Handler" daemon [_thread_blocked, id=4756, stack(0x00000000022c0000,0x00000000023c0000)]
  0x00000000024bf000 JavaThread "main" [_thread_blocked, id=1588, stack(0x0000000002690000,0x0000000002790000)]

Other Threads:
  0x00000000552e6000 VMThread [stack: 0x0000000056320000,0x0000000056420000] [id=12968]

VM state:not at safepoint (normal execution)

VM Mutex/Monitor currently owned by a thread: None

Heap:
 PSYoungGen      total 1024K, used 41K [0x00000000eab00000, 0x00000000eac80000, 0x0000000100000000)
  eden space 512K, 8% used [0x00000000eab00000,0x00000000eab0a580,0x00000000eab80000)
  from space 512K, 0% used [0x00000000eac00000,0x00000000eac00000,0x00000000eac80000)
  to   space 512K, 0% used [0x00000000eab80000,0x00000000eab80000,0x00000000eac00000)
 ParOldGen       total 129536K, used 0K [0x00000000c0000000, 0x00000000c7e80000, 0x00000000eab00000)
  object space 129536K, 0% used [0x00000000c0000000,0x00000000c0000000,0x00000000c7e80000)
 Metaspace       used 836K, capacity 4480K, committed 4480K, reserved 1056768K
  class space    used 88K, capacity 384K, committed 384K, reserved 1048576K

Card table byte_map: [0x0000000011e20000,0x0000000012030000] byte_map_base: 0x0000000011820000

Marking Bits: (ParMarkBitMap*) 0x000000005ae612b0
 Begin Bits: [0x0000000012760000, 0x0000000013760000)
 End Bits:   [0x0000000013760000, 0x0000000014760000)

Polling page: 0x0000000000550000

CodeCache: size=245760Kb used=397Kb max_used=397Kb free=245362Kb
 bounds [0x0000000002a60000, 0x0000000002cd0000, 0x0000000011a60000]
 total_blobs=91 nmethods=0 adapters=66
 compilation: enabled

Compilation events (0 events):
No events

GC Heap History (0 events):
No events

Deoptimization events (0 events):
No events

Internal exceptions (0 events):
No events

Events (10 events):
Event: 3.262 loading class java/lang/ref/ReferenceQueue done
Event: 3.262 loading class java/lang/ref/ReferenceQueue$Null
Event: 3.262 loading class java/lang/ref/ReferenceQueue$Null done
Event: 3.262 loading class java/lang/ref/ReferenceQueue$Lock
Event: 3.262 loading class java/lang/ref/ReferenceQueue$Lock done
Event: 3.262 loading class java/lang/ref/Finalizer$FinalizerThread
Event: 3.263 loading class java/lang/ref/Finalizer$FinalizerThread done
Event: 3.263 Thread 0x00000000552ee800 Thread added: 0x00000000552ee800
Event: 3.263 loading class sun/misc/VM
Event: 3.263 loading class sun/misc/VM done


Dynamic libraries:
0x000000013fd10000 - 0x000000013fd44000 	C:\Program Files\Java\jdk1.8.0_11\bin\java.exe
0x0000000077c80000 - 0x0000000077e29000 	C:\Windows\SYSTEM32\ntdll.dll
0x0000000077a60000 - 0x0000000077b80000 	C:\Windows\system32\kernel32.dll
0x000007fefc950000 - 0x000007fefc9bc000 	C:\Windows\system32\KERNELBASE.dll
0x000007fefcf70000 - 0x000007fefd04b000 	C:\Windows\system32\ADVAPI32.dll
0x000007fefd430000 - 0x000007fefd4cf000 	C:\Windows\system32\msvcrt.dll
0x000007fefe9a0000 - 0x000007fefe9bf000 	C:\Windows\SYSTEM32\sechost.dll
0x000007fefd280000 - 0x000007fefd3ad000 	C:\Windows\system32\RPCRT4.dll
0x0000000077b80000 - 0x0000000077c7a000 	C:\Windows\system32\USER32.dll
0x000007fefeae0000 - 0x000007fefeb47000 	C:\Windows\system32\GDI32.dll
0x000007fefead0000 - 0x000007fefeade000 	C:\Windows\system32\LPK.dll
0x000007fefd130000 - 0x000007fefd1f9000 	C:\Windows\system32\USP10.dll
0x000007fefafb0000 - 0x000007fefb1a4000 	C:\Windows\WinSxS\amd64_microsoft.windows.common-controls_6595b64144ccf1df_6.0.7601.18837_none_fa3b1e3d17594757\COMCTL32.dll
0x000007fefd3b0000 - 0x000007fefd421000 	C:\Windows\system32\SHLWAPI.dll
0x000007fefe580000 - 0x000007fefe5ae000 	C:\Windows\system32\IMM32.DLL
0x000007fefeb50000 - 0x000007fefec59000 	C:\Windows\system32\MSCTF.dll
0x000007fef5820000 - 0x000007fef58b1000 	C:\Program Files (x86)\AVG\AVG2015\avghooka.dll
0x000000005fef0000 - 0x000000005ffc2000 	C:\Program Files\Java\jdk1.8.0_11\jre\bin\msvcr100.dll
0x000000005a6b0000 - 0x000000005aeda000 	C:\Program Files\Java\jdk1.8.0_11\jre\bin\server\jvm.dll
0x000007fef6aa0000 - 0x000007fef6aa9000 	C:\Windows\system32\WSOCK32.dll
0x000007fefe260000 - 0x000007fefe2ad000 	C:\Windows\system32\WS2_32.dll
0x000007fefeac0000 - 0x000007fefeac8000 	C:\Windows\system32\NSI.dll
0x000007fef95b0000 - 0x000007fef95eb000 	C:\Windows\system32\WINMM.dll
0x0000000077e50000 - 0x0000000077e57000 	C:\Windows\system32\PSAPI.DLL
0x0000000074220000 - 0x000000007422f000 	C:\Program Files\Java\jdk1.8.0_11\jre\bin\verify.dll
0x000000006a000000 - 0x000000006a028000 	C:\Program Files\Java\jdk1.8.0_11\jre\bin\java.dll
0x000000006dd80000 - 0x000000006dd96000 	C:\Program Files\Java\jdk1.8.0_11\jre\bin\zip.dll

VM Arguments:
jvm_args: -Djava.awt.headless=true -Xmx1024M -Dfile.encoding=windows-1252 -Duser.country=US -Duser.language=en -Duser.variant 
java_command: com.android.dx.command.Main --dex --output C:\Users\fred\AndroidStudioProjects\Seat97\app\build\intermediates\pre-dexed\debug\Seat97-eventlistlib-unspecified_6357a357b550d3a415df89db984983836a3feaaa.jar C:\Users\fred\AndroidStudioProjects\Seat97\app\build\intermediates\exploded-aar\Seat97\eventlistlib\unspecified\jars\classes.jar
java_class_path (initial): C:\Users\fred\AppData\Local\Android\Sdk\build-tools\21.1.2\lib\dx.jar
Launcher Type: SUN_STANDARD

Environment Variables:
PATH=C:\ProgramData\Oracle\Java\javapath;C:\Program Files (x86)\Intel\iCLS Client\;C:\Program Files\Intel\iCLS Client\;C:\Program Files\Common Files\Microsoft Shared\Windows Live;C:\Program Files (x86)\Common Files\Microsoft Shared\Windows Live;C:\Windows\system32;C:\Windows;C:\Windows\System32\Wbem;C:\Windows\System32\WindowsPowerShell\v1.0\;C:\Program Files (x86)\Windows Live\Shared;C:\Program Files\Intel\Intel(R) Management Engine Components\DAL;C:\Program Files\Intel\Intel(R) Management Engine Components\IPT;C:\Program Files (x86)\Intel\Intel(R) Management Engine Components\DAL;C:\Program Files (x86)\Intel\Intel(R) Management Engine Components\IPT;C:\Program Files (x86)\Common Files\Acronis\SnapAPI\;C:\Program Files\Microsoft SQL Server\110\Tools\Binn\;C:\Program Files\cURL\bin;C:\Program Files\Intel\WiFi\bin\;C:\Program Files\Common Files\Intel\WirelessCommon\;C:\Program Files (x86)\Common Files\Ulead Systems\MPEG;C:\Program Files (x86)\Intel\OpenCL SDK\2.0\bin\x86;C:\Program Files (x86)\Intel\OpenCL SDK\2.0\bin\x64;C:\Program Files (x86)\QuickTime\QTSystem\;C:\Program Files\Intel\WiFi\bin\;C:\Program Files\Common Files\Intel\WirelessCommon\
USERNAME=fred
OS=Windows_NT
PROCESSOR_IDENTIFIER=Intel64 Family 6 Model 58 Stepping 9, GenuineIntel



---------------  S Y S T E M  ---------------

OS: Windows 7 , 64 bit Build 7601 Service Pack 1

CPU:total 4 (2 cores per cpu, 2 threads per core) family 6 model 58 stepping 9, cmov, cx8, fxsr, mmx, sse, sse2, sse3, ssse3, sse4.1, sse4.2, popcnt, avx, aes, clmul, erms, ht, tsc, tscinvbit

Memory: 4k page, physical 8288576k(1158568k free), swap 8286740k(6500k free)

vm_info: Java HotSpot(TM) 64-Bit Server VM (25.11-b03) for windows-amd64 JRE (1.8.0_11-b12), built on Jun 16 2014 20:57:32 by "java_re" with MS VC++ 10.0 (VS2010)

time: Wed Dec 02 13:26:26 2015
elapsed time: 3 seconds

