#
# There is insufficient memory for the Java Runtime Environment to continue.
# Native memory allocation (malloc) failed to allocate 32744 bytes for ChunkPool::allocate
# Possible reasons:
#   The system is out of physical RAM or swap space
#   In 32 bit mode, the process size limit was hit
# Possible solutions:
#   Reduce memory load on the system
#   Increase physical memory or swap space
#   Check if swap backing store is full
#   Use 64 bit Java on a 64 bit OS
#   Decrease Java heap size (-Xmx/-Xms)
#   Decrease number of Java threads
#   Decrease Java thread stack sizes (-Xss)
#   Set larger code cache with -XX:ReservedCodeCacheSize=
# This output file may be truncated or incomplete.
#
#  Out of Memory Error (allocation.cpp:271), pid=8872, tid=3352
#
# JRE version: Java(TM) SE Runtime Environment (8.0_11-b12) (build 1.8.0_11-b12)
# Java VM: Java HotSpot(TM) 64-Bit Server VM (25.11-b03 mixed mode windows-amd64 compressed oops)
# Failed to write core dump. Minidumps are not enabled by default on client versions of Windows
#

---------------  T H R E A D  ---------------

Current thread (0x0000000056611000):  JavaThread "C2 CompilerThread0" daemon [_thread_in_native, id=3352, stack(0x0000000056cf0000,0x0000000056df0000)]

Stack: [0x0000000056cf0000,0x0000000056df0000]
Native frames: (J=compiled Java code, j=interpreted, Vv=VM code, C=native code)
V  [jvm.dll+0x308eca]


Current CompileTask:
C2:   3561  405       4       java.lang.String::equals (81 bytes)


---------------  P R O C E S S  ---------------

Java Threads: ( => current thread )
  0x000000005661a000 JavaThread "Service Thread" daemon [_thread_blocked, id=12108, stack(0x0000000056ec0000,0x0000000056fc0000)]
  0x0000000056617000 JavaThread "C1 CompilerThread2" daemon [_thread_in_native, id=1612, stack(0x0000000056fd0000,0x00000000570d0000)]
  0x0000000056615800 JavaThread "C2 CompilerThread1" daemon [_thread_blocked, id=9236, stack(0x0000000056a20000,0x0000000056b20000)]
=>0x0000000056611000 JavaThread "C2 CompilerThread0" daemon [_thread_in_native, id=3352, stack(0x0000000056cf0000,0x0000000056df0000)]
  0x0000000056610800 JavaThread "Attach Listener" daemon [_thread_blocked, id=11092, stack(0x0000000056bf0000,0x0000000056cf0000)]
  0x0000000055122800 JavaThread "Signal Dispatcher" daemon [_thread_blocked, id=12964, stack(0x0000000012330000,0x0000000012430000)]
  0x00000000550bf000 JavaThread "Finalizer" daemon [_thread_blocked, id=10756, stack(0x0000000056510000,0x0000000056610000)]
  0x00000000550b9800 JavaThread "Reference Handler" daemon [_thread_blocked, id=11508, stack(0x0000000056350000,0x0000000056450000)]
  0x000000000238f000 JavaThread "main" [_thread_in_Java, id=12340, stack(0x0000000002670000,0x0000000002770000)]

Other Threads:
  0x00000000550b6000 VMThread [stack: 0x00000000561b0000,0x00000000562b0000] [id=11356]
  0x000000005661c000 WatcherThread [stack: 0x0000000057150000,0x0000000057250000] [id=12980]

VM state:not at safepoint (normal execution)

VM Mutex/Monitor currently owned by a thread: None

Heap:
 PSYoungGen      total 5632K, used 1756K [0x00000000eab00000, 0x00000000eb200000, 0x0000000100000000)
  eden space 4096K, 10% used [0x00000000eab00000,0x00000000eab704a8,0x00000000eaf00000)
  from space 1536K, 85% used [0x00000000eb080000,0x00000000eb1c6c98,0x00000000eb200000)
  to   space 1536K, 0% used [0x00000000eaf00000,0x00000000eaf00000,0x00000000eb080000)
 ParOldGen       total 129536K, used 1377K [0x00000000c0000000, 0x00000000c7e80000, 0x00000000eab00000)
  object space 129536K, 1% used [0x00000000c0000000,0x00000000c01585e0,0x00000000c7e80000)
 Metaspace       used 4844K, capacity 6224K, committed 6528K, reserved 1056768K
  class space    used 531K, capacity 584K, committed 640K, reserved 1048576K

Card table byte_map: [0x0000000011e00000,0x0000000012010000] byte_map_base: 0x0000000011800000

Marking Bits: (ParMarkBitMap*) 0x000000005ae612b0
 Begin Bits: [0x0000000012530000, 0x0000000013530000)
 End Bits:   [0x0000000013530000, 0x0000000014530000)

Polling page: 0x0000000000350000

CodeCache: size=245760Kb used=1918Kb max_used=1918Kb free=243841Kb
 bounds [0x0000000002a40000, 0x0000000002cb0000, 0x0000000011a40000]
 total_blobs=672 nmethods=413 adapters=173
 compilation: enabled

Compilation events (10 events):
Event: 3.543 Thread 0x0000000056617000  394       3       com.android.dx.rop.cst.Constant::<init> (5 bytes)
Event: 3.543 Thread 0x0000000056617000 nmethod 394 0x0000000002c0d7d0 code [0x0000000002c0d920, 0x0000000002c0dad0]
Event: 3.543 Thread 0x0000000056617000  395   !   3       com.android.dx.cf.cst.ConstantPoolParser::parse0 (731 bytes)
Event: 3.545 Thread 0x0000000056615800  398       4       com.android.dx.util.ByteArray::checkOffsets (66 bytes)
Event: 3.546 Thread 0x0000000056615800 nmethod 398 0x0000000002c10810 code [0x0000000002c10940, 0x0000000002c109b8]
Event: 3.546 Thread 0x0000000056611000  400       4       java.util.concurrent.ConcurrentHashMap::tabAt (21 bytes)
Event: 3.546 Thread 0x0000000056615800  401       4       java.util.concurrent.ConcurrentHashMap::casTabAt (20 bytes)
Event: 3.547 Thread 0x0000000056611000 nmethod 400 0x0000000002c10a50 code [0x0000000002c10b80, 0x0000000002c10bd8]
Event: 3.547 Thread 0x0000000056615800 nmethod 401 0x0000000002c0ed50 code [0x0000000002c0ee80, 0x0000000002c0eef8]
Event: 3.551 Thread 0x0000000056611000  405       4       java.lang.String::equals (81 bytes)

GC Heap History (10 events):
Event: 0.296 GC heap before
{Heap before GC invocations=2 (full 0):
 PSYoungGen      total 1024K, used 976K [0x00000000eab00000, 0x00000000ead00000, 0x0000000100000000)
  eden space 512K, 100% used [0x00000000eab00000,0x00000000eab80000,0x00000000eab80000)
  from space 512K, 90% used [0x00000000eab80000,0x00000000eabf4010,0x00000000eac00000)
  to   space 512K, 0% used [0x00000000eac80000,0x00000000eac80000,0x00000000ead00000)
 ParOldGen       total 129536K, used 8K [0x00000000c0000000, 0x00000000c7e80000, 0x00000000eab00000)
  object space 129536K, 0% used [0x00000000c0000000,0x00000000c0002000,0x00000000c7e80000)
 Metaspace       used 2910K, capacity 4656K, committed 4864K, reserved 1056768K
  class space    used 317K, capacity 424K, committed 512K, reserved 1048576K
Event: 0.310 GC heap after
Heap after GC invocations=2 (full 0):
 PSYoungGen      total 1536K, used 496K [0x00000000eab00000, 0x00000000ead00000, 0x0000000100000000)
  eden space 1024K, 0% used [0x00000000eab00000,0x00000000eab00000,0x00000000eac00000)
  from space 512K, 96% used [0x00000000eac80000,0x00000000eacfc010,0x00000000ead00000)
  to   space 512K, 0% used [0x00000000eac00000,0x00000000eac00000,0x00000000eac80000)
 ParOldGen       total 129536K, used 111K [0x00000000c0000000, 0x00000000c7e80000, 0x00000000eab00000)
  object space 129536K, 0% used [0x00000000c0000000,0x00000000c001bcd0,0x00000000c7e80000)
 Metaspace       used 2910K, capacity 4656K, committed 4864K, reserved 1056768K
  class space    used 317K, capacity 424K, committed 512K, reserved 1048576K
}
Event: 0.464 GC heap before
{Heap before GC invocations=3 (full 0):
 PSYoungGen      total 1536K, used 1520K [0x00000000eab00000, 0x00000000ead00000, 0x0000000100000000)
  eden space 1024K, 100% used [0x00000000eab00000,0x00000000eac00000,0x00000000eac00000)
  from space 512K, 96% used [0x00000000eac80000,0x00000000eacfc010,0x00000000ead00000)
  to   space 512K, 0% used [0x00000000eac00000,0x00000000eac00000,0x00000000eac80000)
 ParOldGen       total 129536K, used 111K [0x00000000c0000000, 0x00000000c7e80000, 0x00000000eab00000)
  object space 129536K, 0% used [0x00000000c0000000,0x00000000c001bcd0,0x00000000c7e80000)
 Metaspace       used 3217K, capacity 4784K, committed 5120K, reserved 1056768K
  class space    used 354K, capacity 424K, committed 512K, reserved 1048576K
Event: 0.599 GC heap after
Heap after GC invocations=3 (full 0):
 PSYoungGen      total 1536K, used 487K [0x00000000eab00000, 0x00000000eae00000, 0x0000000100000000)
  eden space 1024K, 0% used [0x00000000eab00000,0x00000000eab00000,0x00000000eac00000)
  from space 512K, 95% used [0x00000000eac00000,0x00000000eac79c50,0x00000000eac80000)
  to   space 512K, 0% used [0x00000000ead80000,0x00000000ead80000,0x00000000eae00000)
 ParOldGen       total 129536K, used 468K [0x00000000c0000000, 0x00000000c7e80000, 0x00000000eab00000)
  object space 129536K, 0% used [0x00000000c0000000,0x00000000c00752e8,0x00000000c7e80000)
 Metaspace       used 3217K, capacity 4784K, committed 5120K, reserved 1056768K
  class space    used 354K, capacity 424K, committed 512K, reserved 1048576K
}
Event: 0.725 GC heap before
{Heap before GC invocations=4 (full 0):
 PSYoungGen      total 1536K, used 1509K [0x00000000eab00000, 0x00000000eae00000, 0x0000000100000000)
  eden space 1024K, 99% used [0x00000000eab00000,0x00000000eabff9b0,0x00000000eac00000)
  from space 512K, 95% used [0x00000000eac00000,0x00000000eac79c50,0x00000000eac80000)
  to   space 512K, 0% used [0x00000000ead80000,0x00000000ead80000,0x00000000eae00000)
 ParOldGen       total 129536K, used 468K [0x00000000c0000000, 0x00000000c7e80000, 0x00000000eab00000)
  object space 129536K, 0% used [0x00000000c0000000,0x00000000c00752e8,0x00000000c7e80000)
 Metaspace       used 3518K, capacity 5104K, committed 5376K, reserved 1056768K
  class space    used 396K, capacity 488K, committed 512K, reserved 1048576K
Event: 0.743 GC heap after
Heap after GC invocations=4 (full 0):
 PSYoungGen      total 2560K, used 506K [0x00000000eab00000, 0x00000000eae00000, 0x0000000100000000)
  eden space 2048K, 0% used [0x00000000eab00000,0x00000000eab00000,0x00000000ead00000)
  from space 512K, 98% used [0x00000000ead80000,0x00000000eadfeaa0,0x00000000eae00000)
  to   space 512K, 0% used [0x00000000ead00000,0x00000000ead00000,0x00000000ead80000)
 ParOldGen       total 129536K, used 750K [0x00000000c0000000, 0x00000000c7e80000, 0x00000000eab00000)
  object space 129536K, 0% used [0x00000000c0000000,0x00000000c00bb958,0x00000000c7e80000)
 Metaspace       used 3518K, capacity 5104K, committed 5376K, reserved 1056768K
  class space    used 396K, capacity 488K, committed 512K, reserved 1048576K
}
Event: 0.934 GC heap before
{Heap before GC invocations=5 (full 0):
 PSYoungGen      total 2560K, used 2554K [0x00000000eab00000, 0x00000000eae00000, 0x0000000100000000)
  eden space 2048K, 100% used [0x00000000eab00000,0x00000000ead00000,0x00000000ead00000)
  from space 512K, 98% used [0x00000000ead80000,0x00000000eadfeaa0,0x00000000eae00000)
  to   space 512K, 0% used [0x00000000ead00000,0x00000000ead00000,0x00000000ead80000)
 ParOldGen       total 129536K, used 750K [0x00000000c0000000, 0x00000000c7e80000, 0x00000000eab00000)
  object space 129536K, 0% used [0x00000000c0000000,0x00000000c00bb958,0x00000000c7e80000)
 Metaspace       used 4227K, capacity 5744K, committed 6016K, reserved 1056768K
  class space    used 467K, capacity 552K, committed 640K, reserved 1048576K
Event: 1.067 GC heap after
Heap after GC invocations=5 (full 0):
 PSYoungGen      total 2560K, used 503K [0x00000000eab00000, 0x00000000eb200000, 0x0000000100000000)
  eden space 2048K, 0% used [0x00000000eab00000,0x00000000eab00000,0x00000000ead00000)
  from space 512K, 98% used [0x00000000ead00000,0x00000000ead7dc60,0x00000000ead80000)
  to   space 1536K, 0% used [0x00000000eb080000,0x00000000eb080000,0x00000000eb200000)
 ParOldGen       total 129536K, used 1369K [0x00000000c0000000, 0x00000000c7e80000, 0x00000000eab00000)
  object space 129536K, 1% used [0x00000000c0000000,0x00000000c01565e0,0x00000000c7e80000)
 Metaspace       used 4227K, capacity 5744K, committed 6016K, reserved 1056768K
  class space    used 467K, capacity 552K, committed 640K, reserved 1048576K
}
Event: 1.360 GC heap before
{Heap before GC invocations=6 (full 0):
 PSYoungGen      total 2560K, used 2551K [0x00000000eab00000, 0x00000000eb200000, 0x0000000100000000)
  eden space 2048K, 100% used [0x00000000eab00000,0x00000000ead00000,0x00000000ead00000)
  from space 512K, 98% used [0x00000000ead00000,0x00000000ead7dc60,0x00000000ead80000)
  to   space 1536K, 0% used [0x00000000eb080000,0x00000000eb080000,0x00000000eb200000)
 ParOldGen       total 129536K, used 1369K [0x00000000c0000000, 0x00000000c7e80000, 0x00000000eab00000)
  object space 129536K, 1% used [0x00000000c0000000,0x00000000c01565e0,0x00000000c7e80000)
 Metaspace       used 4798K, capacity 6224K, committed 6528K, reserved 1056768K
  class space    used 528K, capacity 584K, committed 640K, reserved 1048576K
Event: 3.511 GC heap after
Heap after GC invocations=6 (full 0):
 PSYoungGen      total 5632K, used 1307K [0x00000000eab00000, 0x00000000eb200000, 0x0000000100000000)
  eden space 4096K, 0% used [0x00000000eab00000,0x00000000eab00000,0x00000000eaf00000)
  from space 1536K, 85% used [0x00000000eb080000,0x00000000eb1c6c98,0x00000000eb200000)
  to   space 1536K, 0% used [0x00000000eaf00000,0x00000000eaf00000,0x00000000eb080000)
 ParOldGen       total 129536K, used 1377K [0x00000000c0000000, 0x00000000c7e80000, 0x00000000eab00000)
  object space 129536K, 1% used [0x00000000c0000000,0x00000000c01585e0,0x00000000c7e80000)
 Metaspace       used 4798K, capacity 6224K, committed 6528K, reserved 1056768K
  class space    used 528K, capacity 584K, committed 640K, reserved 1048576K
}

Deoptimization events (0 events):
No events

Internal exceptions (10 events):
Event: 1.331 Thread 0x000000000238f000 Exception <a 'java/security/PrivilegedActionException'> (0x00000000eacde430) thrown at [C:\re\workspace\8-2-build-windows-amd64-cygwin\jdk8u11\648\hotspot\src\share\vm\prims\jvm.cpp, line 1248]
Event: 1.332 Thread 0x000000000238f000 Exception <a 'java/security/PrivilegedActionException'> (0x00000000eace13f0) thrown at [C:\re\workspace\8-2-build-windows-amd64-cygwin\jdk8u11\648\hotspot\src\share\vm\prims\jvm.cpp, line 1248]
Event: 1.333 Thread 0x000000000238f000 Exception <a 'java/security/PrivilegedActionException'> (0x00000000eace4400) thrown at [C:\re\workspace\8-2-build-windows-amd64-cygwin\jdk8u11\648\hotspot\src\share\vm\prims\jvm.cpp, line 1248]
Event: 1.334 Thread 0x000000000238f000 Exception <a 'java/security/PrivilegedActionException'> (0x00000000eace8c48) thrown at [C:\re\workspace\8-2-build-windows-amd64-cygwin\jdk8u11\648\hotspot\src\share\vm\prims\jvm.cpp, line 1248]
Event: 1.341 Thread 0x000000000238f000 Exception <a 'java/security/PrivilegedActionException'> (0x00000000eacf2150) thrown at [C:\re\workspace\8-2-build-windows-amd64-cygwin\jdk8u11\648\hotspot\src\share\vm\prims\jvm.cpp, line 1248]
Event: 3.534 Thread 0x000000000238f000 Exception <a 'java/security/PrivilegedActionException'> (0x00000000eab21140) thrown at [C:\re\workspace\8-2-build-windows-amd64-cygwin\jdk8u11\648\hotspot\src\share\vm\prims\jvm.cpp, line 1248]
Event: 3.537 Thread 0x000000000238f000 Exception <a 'java/security/PrivilegedActionException'> (0x00000000eab27378) thrown at [C:\re\workspace\8-2-build-windows-amd64-cygwin\jdk8u11\648\hotspot\src\share\vm\prims\jvm.cpp, line 1248]
Event: 3.547 Thread 0x000000000238f000 Exception <a 'java/security/PrivilegedActionException'> (0x00000000eab40e30) thrown at [C:\re\workspace\8-2-build-windows-amd64-cygwin\jdk8u11\648\hotspot\src\share\vm\prims\jvm.cpp, line 1248]
Event: 3.548 Thread 0x000000000238f000 Exception <a 'java/security/PrivilegedActionException'> (0x00000000eab43aa0) thrown at [C:\re\workspace\8-2-build-windows-amd64-cygwin\jdk8u11\648\hotspot\src\share\vm\prims\jvm.cpp, line 1248]
Event: 3.552 Thread 0x000000000238f000 Exception <a 'java/security/PrivilegedActionException'> (0x00000000eab56070) thrown at [C:\re\workspace\8-2-build-windows-amd64-cygwin\jdk8u11\648\hotspot\src\share\vm\prims\jvm.cpp, line 1248]

Events (10 events):
Event: 3.533 loading class com/android/dx/ssa/back/FirstFitLocalCombiningAllocator$Multiset
Event: 3.533 loading class com/android/dx/ssa/back/FirstFitLocalCombiningAllocator$Multiset done
Event: 3.537 loading class com/android/dx/rop/cst/CstEnumRef
Event: 3.537 loading class com/android/dx/rop/cst/CstEnumRef done
Event: 3.547 loading class com/android/dx/cf/attrib/AttConstantValue
Event: 3.547 loading class com/android/dx/cf/attrib/AttConstantValue done
Event: 3.548 loading class com/android/dx/cf/iface/StdField
Event: 3.548 loading class com/android/dx/cf/iface/StdField done
Event: 3.552 loading class com/android/dx/dex/file/EncodedField
Event: 3.552 loading class com/android/dx/dex/file/EncodedField done


Dynamic libraries:
0x000000013fd10000 - 0x000000013fd44000 	C:\Program Files\Java\jdk1.8.0_11\bin\java.exe
0x0000000077c80000 - 0x0000000077e29000 	C:\Windows\SYSTEM32\ntdll.dll
0x0000000077a60000 - 0x0000000077b80000 	C:\Windows\system32\kernel32.dll
0x000007fefc950000 - 0x000007fefc9bc000 	C:\Windows\system32\KERNELBASE.dll
0x000007fefcf70000 - 0x000007fefd04b000 	C:\Windows\system32\ADVAPI32.dll
0x000007fefd430000 - 0x000007fefd4cf000 	C:\Windows\system32\msvcrt.dll
0x000007fefe9a0000 - 0x000007fefe9bf000 	C:\Windows\SYSTEM32\sechost.dll
0x000007fefd280000 - 0x000007fefd3ad000 	C:\Windows\system32\RPCRT4.dll
0x0000000077b80000 - 0x0000000077c7a000 	C:\Windows\system32\USER32.dll
0x000007fefeae0000 - 0x000007fefeb47000 	C:\Windows\system32\GDI32.dll
0x000007fefead0000 - 0x000007fefeade000 	C:\Windows\system32\LPK.dll
0x000007fefd130000 - 0x000007fefd1f9000 	C:\Windows\system32\USP10.dll
0x000007fefafb0000 - 0x000007fefb1a4000 	C:\Windows\WinSxS\amd64_microsoft.windows.common-controls_6595b64144ccf1df_6.0.7601.18837_none_fa3b1e3d17594757\COMCTL32.dll
0x000007fefd3b0000 - 0x000007fefd421000 	C:\Windows\system32\SHLWAPI.dll
0x000007fefe580000 - 0x000007fefe5ae000 	C:\Windows\system32\IMM32.DLL
0x000007fefeb50000 - 0x000007fefec59000 	C:\Windows\system32\MSCTF.dll
0x000007fef5820000 - 0x000007fef58b1000 	C:\Program Files (x86)\AVG\AVG2015\avghooka.dll
0x000000005fef0000 - 0x000000005ffc2000 	C:\Program Files\Java\jdk1.8.0_11\jre\bin\msvcr100.dll
0x000000005a6b0000 - 0x000000005aeda000 	C:\Program Files\Java\jdk1.8.0_11\jre\bin\server\jvm.dll
0x000007fef6aa0000 - 0x000007fef6aa9000 	C:\Windows\system32\WSOCK32.dll
0x000007fefe260000 - 0x000007fefe2ad000 	C:\Windows\system32\WS2_32.dll
0x000007fefeac0000 - 0x000007fefeac8000 	C:\Windows\system32\NSI.dll
0x000007fef95b0000 - 0x000007fef95eb000 	C:\Windows\system32\WINMM.dll
0x0000000077e50000 - 0x0000000077e57000 	C:\Windows\system32\PSAPI.DLL
0x0000000074220000 - 0x000000007422f000 	C:\Program Files\Java\jdk1.8.0_11\jre\bin\verify.dll
0x000000006a000000 - 0x000000006a028000 	C:\Program Files\Java\jdk1.8.0_11\jre\bin\java.dll
0x000000006dd80000 - 0x000000006dd96000 	C:\Program Files\Java\jdk1.8.0_11\jre\bin\zip.dll
0x000007fefd4d0000 - 0x000007fefe259000 	C:\Windows\system32\SHELL32.dll
0x000007fefe5b0000 - 0x000007fefe7b3000 	C:\Windows\system32\ole32.dll
0x000007fefc700000 - 0x000007fefc70f000 	C:\Windows\system32\profapi.dll

VM Arguments:
jvm_args: -Djava.awt.headless=true -Xmx1024M -Dfile.encoding=windows-1252 -Duser.country=US -Duser.language=en -Duser.variant 
java_command: com.android.dx.command.Main --dex --output C:\Users\fred\AndroidStudioProjects\Seat97\app\build\intermediates\pre-dexed\debug\internal_impl-23.1.1_258065fb24b5ea8eb2193e4f06e08876b43bc4be.jar C:\Users\fred\AndroidStudioProjects\Seat97\app\build\intermediates\exploded-aar\com.android.support\support-v4\23.1.1\jars\libs\internal_impl-23.1.1.jar
java_class_path (initial): C:\Users\fred\AppData\Local\Android\Sdk\build-tools\21.1.2\lib\dx.jar
Launcher Type: SUN_STANDARD

Environment Variables:
PATH=C:\ProgramData\Oracle\Java\javapath;C:\Program Files (x86)\Intel\iCLS Client\;C:\Program Files\Intel\iCLS Client\;C:\Program Files\Common Files\Microsoft Shared\Windows Live;C:\Program Files (x86)\Common Files\Microsoft Shared\Windows Live;C:\Windows\system32;C:\Windows;C:\Windows\System32\Wbem;C:\Windows\System32\WindowsPowerShell\v1.0\;C:\Program Files (x86)\Windows Live\Shared;C:\Program Files\Intel\Intel(R) Management Engine Components\DAL;C:\Program Files\Intel\Intel(R) Management Engine Components\IPT;C:\Program Files (x86)\Intel\Intel(R) Management Engine Components\DAL;C:\Program Files (x86)\Intel\Intel(R) Management Engine Components\IPT;C:\Program Files (x86)\Common Files\Acronis\SnapAPI\;C:\Program Files\Microsoft SQL Server\110\Tools\Binn\;C:\Program Files\cURL\bin;C:\Program Files\Intel\WiFi\bin\;C:\Program Files\Common Files\Intel\WirelessCommon\;C:\Program Files (x86)\Common Files\Ulead Systems\MPEG;C:\Program Files (x86)\Intel\OpenCL SDK\2.0\bin\x86;C:\Program Files (x86)\Intel\OpenCL SDK\2.0\bin\x64;C:\Program Files (x86)\QuickTime\QTSystem\;C:\Program Files\Intel\WiFi\bin\;C:\Program Files\Common Files\Intel\WirelessCommon\
USERNAME=fred
OS=Windows_NT
PROCESSOR_IDENTIFIER=Intel64 Family 6 Model 58 Stepping 9, GenuineIntel



---------------  S Y S T E M  ---------------

OS: Windows 7 , 64 bit Build 7601 Service Pack 1

CPU:total 4 (2 cores per cpu, 2 threads per core) family 6 model 58 stepping 9, cmov, cx8, fxsr, mmx, sse, sse2, sse3, ssse3, sse4.1, sse4.2, popcnt, avx, aes, clmul, erms, ht, tsc, tscinvbit

Memory: 4k page, physical 8288576k(1172876k free), swap 8286740k(4568k free)

vm_info: Java HotSpot(TM) 64-Bit Server VM (25.11-b03) for windows-amd64 JRE (1.8.0_11-b12), built on Jun 16 2014 20:57:32 by "java_re" with MS VC++ 10.0 (VS2010)

time: Wed Dec 02 13:24:19 2015
elapsed time: 3 seconds

