#
# There is insufficient memory for the Java Runtime Environment to continue.
# Native memory allocation (malloc) failed to allocate 1086096 bytes for Chunk::new
# Possible reasons:
#   The system is out of physical RAM or swap space
#   In 32 bit mode, the process size limit was hit
# Possible solutions:
#   Reduce memory load on the system
#   Increase physical memory or swap space
#   Check if swap backing store is full
#   Use 64 bit Java on a 64 bit OS
#   Decrease Java heap size (-Xmx/-Xms)
#   Decrease number of Java threads
#   Decrease Java thread stack sizes (-Xss)
#   Set larger code cache with -XX:ReservedCodeCacheSize=
# This output file may be truncated or incomplete.
#
#  Out of Memory Error (allocation.cpp:388), pid=3276, tid=2656
#
# JRE version: Java(TM) SE Runtime Environment (8.0_11-b12) (build 1.8.0_11-b12)
# Java VM: Java HotSpot(TM) 64-Bit Server VM (25.11-b03 mixed mode windows-amd64 compressed oops)
# Failed to write core dump. Minidumps are not enabled by default on client versions of Windows
#

---------------  T H R E A D  ---------------

Current thread (0x0000000056511800):  JavaThread "C2 CompilerThread0" daemon [_thread_in_native, id=2656, stack(0x0000000056b30000,0x0000000056c30000)]

Stack: [0x0000000056b30000,0x0000000056c30000]
Native frames: (J=compiled Java code, j=interpreted, Vv=VM code, C=native code)
V  [jvm.dll+0x308eca]
V  [jvm.dll+0x25e121]
V  [jvm.dll+0x25ed33]
V  [jvm.dll+0x256705]
V  [jvm.dll+0xbd2b5]
V  [jvm.dll+0xbd75c]
V  [jvm.dll+0x468e3c]
V  [jvm.dll+0x43659b]
V  [jvm.dll+0x44149e]
V  [jvm.dll+0x443a29]
V  [jvm.dll+0x427722]
V  [jvm.dll+0x96982]
V  [jvm.dll+0x97173]
V  [jvm.dll+0x2234b4]
V  [jvm.dll+0x27bcca]
C  [msvcr100.dll+0x21d9f]
C  [msvcr100.dll+0x21e3b]
C  [kernel32.dll+0x15a4d]
C  [ntdll.dll+0x2b831]


Current CompileTask:
C2:  20082 1889   !   4       com.android.dx.cf.code.BytecodeArray::parseInstruction (2764 bytes)


---------------  P R O C E S S  ---------------

Java Threads: ( => current thread )
  0x000000005658f800 JavaThread "Service Thread" daemon [_thread_blocked, id=10340, stack(0x0000000056e30000,0x0000000056f30000)]
  0x0000000056564800 JavaThread "C1 CompilerThread2" daemon [_thread_blocked, id=12864, stack(0x0000000056a30000,0x0000000056b30000)]
  0x0000000056558000 JavaThread "C2 CompilerThread1" daemon [_thread_in_native, id=10964, stack(0x0000000056c50000,0x0000000056d50000)]
=>0x0000000056511800 JavaThread "C2 CompilerThread0" daemon [_thread_in_native, id=2656, stack(0x0000000056b30000,0x0000000056c30000)]
  0x0000000056510800 JavaThread "Attach Listener" daemon [_thread_blocked, id=13124, stack(0x0000000056910000,0x0000000056a10000)]
  0x0000000055172800 JavaThread "Signal Dispatcher" daemon [_thread_blocked, id=9300, stack(0x0000000056310000,0x0000000056410000)]
  0x0000000055114800 JavaThread "Finalizer" daemon [_thread_blocked, id=12592, stack(0x0000000056410000,0x0000000056510000)]
  0x0000000055109800 JavaThread "Reference Handler" daemon [_thread_blocked, id=10076, stack(0x0000000056210000,0x0000000056310000)]
  0x000000000238f000 JavaThread "main" [_thread_in_Java, id=3064, stack(0x00000000025b0000,0x00000000026b0000)]

Other Threads:
  0x0000000055106000 VMThread [stack: 0x0000000056110000,0x0000000056210000] [id=12552]
  0x0000000056594800 WatcherThread [stack: 0x0000000057050000,0x0000000057150000] [id=1144]

VM state:not at safepoint (normal execution)

VM Mutex/Monitor currently owned by a thread: None

Heap:
 PSYoungGen      total 77824K, used 66427K [0x00000000eab00000, 0x00000000f0180000, 0x0000000100000000)
  eden space 70144K, 84% used [0x00000000eab00000,0x00000000ee4ef4b8,0x00000000eef80000)
  from space 7680K, 92% used [0x00000000ef800000,0x00000000efeef878,0x00000000eff80000)
  to   space 8704K, 0% used [0x00000000eef80000,0x00000000eef80000,0x00000000ef800000)
 ParOldGen       total 129536K, used 31895K [0x00000000c0000000, 0x00000000c7e80000, 0x00000000eab00000)
  object space 129536K, 24% used [0x00000000c0000000,0x00000000c1f25d50,0x00000000c7e80000)
 Metaspace       used 6049K, capacity 7216K, committed 7296K, reserved 1056768K
  class space    used 594K, capacity 616K, committed 640K, reserved 1048576K

Card table byte_map: [0x0000000011d40000,0x0000000011f50000] byte_map_base: 0x0000000011740000

Marking Bits: (ParMarkBitMap*) 0x000000005ae612b0
 Begin Bits: [0x0000000012580000, 0x0000000013580000)
 End Bits:   [0x0000000013580000, 0x0000000014580000)

Polling page: 0x0000000000350000

CodeCache: size=245760Kb used=8622Kb max_used=8622Kb free=237137Kb
 bounds [0x0000000002980000, 0x0000000003200000, 0x0000000011980000]
 total_blobs=2340 nmethods=2079 adapters=174
 compilation: enabled

Compilation events (10 events):
Event: 20.021 Thread 0x0000000056564800 nmethod 2170 0x00000000031e4950 code [0x00000000031e4ac0, 0x00000000031e4d58]
Event: 20.021 Thread 0x0000000056564800 2171       2       com.android.dx.dex.code.HighRegisterPrefix::codeSize (45 bytes)
Event: 20.021 Thread 0x0000000056564800 nmethod 2171 0x00000000031e4e90 code [0x00000000031e5000, 0x00000000031e5258]
Event: 20.021 Thread 0x0000000056564800 2172       2       com.android.dx.dex.code.HighRegisterPrefix::calculateInsnsIfNecessary (73 bytes)
Event: 20.023 Thread 0x0000000056564800 nmethod 2172 0x00000000031e5410 code [0x00000000031e55e0, 0x00000000031e5a98]
Event: 20.026 Thread 0x0000000056564800 2173       2       java.lang.Integer::valueOf (32 bytes)
Event: 20.026 Thread 0x0000000056564800 nmethod 2173 0x00000000031e5f50 code [0x00000000031e60c0, 0x00000000031e6290]
Event: 20.028 Thread 0x0000000056564800 2174       2       com.android.dx.util.FixedSizeList::equals (41 bytes)
Event: 20.028 Thread 0x0000000056564800 nmethod 2174 0x00000000031e6390 code [0x00000000031e6500, 0x00000000031e6708]
Event: 20.028 Thread 0x0000000056564800 2175       3       com.android.dx.dex.code.OutputFinisher::massageInstructions (89 bytes)

GC Heap History (10 events):
Event: 8.012 GC heap before
{Heap before GC invocations=14 (full 0):
 PSYoungGen      total 23552K, used 22910K [0x00000000eab00000, 0x00000000ed180000, 0x0000000100000000)
  eden space 19968K, 100% used [0x00000000eab00000,0x00000000ebe80000,0x00000000ebe80000)
  from space 3584K, 82% used [0x00000000ebe80000,0x00000000ec15f928,0x00000000ec200000)
  to   space 3584K, 0% used [0x00000000ece00000,0x00000000ece00000,0x00000000ed180000)
 ParOldGen       total 129536K, used 10009K [0x00000000c0000000, 0x00000000c7e80000, 0x00000000eab00000)
  object space 129536K, 7% used [0x00000000c0000000,0x00000000c09c6528,0x00000000c7e80000)
 Metaspace       used 5627K, capacity 6960K, committed 7040K, reserved 1056768K
  class space    used 556K, capacity 616K, committed 640K, reserved 1048576K
Event: 8.573 GC heap after
Heap after GC invocations=14 (full 0):
 PSYoungGen      total 35328K, used 3280K [0x00000000eab00000, 0x00000000ed280000, 0x0000000100000000)
  eden space 31744K, 0% used [0x00000000eab00000,0x00000000eab00000,0x00000000eca00000)
  from space 3584K, 91% used [0x00000000ece00000,0x00000000ed134010,0x00000000ed180000)
  to   space 4096K, 0% used [0x00000000eca00000,0x00000000eca00000,0x00000000ece00000)
 ParOldGen       total 129536K, used 12829K [0x00000000c0000000, 0x00000000c7e80000, 0x00000000eab00000)
  object space 129536K, 9% used [0x00000000c0000000,0x00000000c0c87518,0x00000000c7e80000)
 Metaspace       used 5627K, capacity 6960K, committed 7040K, reserved 1056768K
  class space    used 556K, capacity 616K, committed 640K, reserved 1048576K
}
Event: 9.489 GC heap before
{Heap before GC invocations=15 (full 0):
 PSYoungGen      total 35328K, used 35024K [0x00000000eab00000, 0x00000000ed280000, 0x0000000100000000)
  eden space 31744K, 100% used [0x00000000eab00000,0x00000000eca00000,0x00000000eca00000)
  from space 3584K, 91% used [0x00000000ece00000,0x00000000ed134010,0x00000000ed180000)
  to   space 4096K, 0% used [0x00000000eca00000,0x00000000eca00000,0x00000000ece00000)
 ParOldGen       total 129536K, used 12829K [0x00000000c0000000, 0x00000000c7e80000, 0x00000000eab00000)
  object space 129536K, 9% used [0x00000000c0000000,0x00000000c0c87518,0x00000000c7e80000)
 Metaspace       used 5641K, capacity 6960K, committed 7040K, reserved 1056768K
  class space    used 557K, capacity 616K, committed 640K, reserved 1048576K
Event: 10.924 GC heap after
Heap after GC invocations=15 (full 0):
 PSYoungGen      total 35840K, used 4095K [0x00000000eab00000, 0x00000000ee900000, 0x0000000100000000)
  eden space 31744K, 0% used [0x00000000eab00000,0x00000000eab00000,0x00000000eca00000)
  from space 4096K, 99% used [0x00000000eca00000,0x00000000ecdffcf8,0x00000000ece00000)
  to   space 6144K, 0% used [0x00000000ee300000,0x00000000ee300000,0x00000000ee900000)
 ParOldGen       total 129536K, used 16796K [0x00000000c0000000, 0x00000000c7e80000, 0x00000000eab00000)
  object space 129536K, 12% used [0x00000000c0000000,0x00000000c10673e0,0x00000000c7e80000)
 Metaspace       used 5641K, capacity 6960K, committed 7040K, reserved 1056768K
  class space    used 557K, capacity 616K, committed 640K, reserved 1048576K
}
Event: 11.450 GC heap before
{Heap before GC invocations=16 (full 0):
 PSYoungGen      total 35840K, used 35839K [0x00000000eab00000, 0x00000000ee900000, 0x0000000100000000)
  eden space 31744K, 100% used [0x00000000eab00000,0x00000000eca00000,0x00000000eca00000)
  from space 4096K, 99% used [0x00000000eca00000,0x00000000ecdffcf8,0x00000000ece00000)
  to   space 6144K, 0% used [0x00000000ee300000,0x00000000ee300000,0x00000000ee900000)
 ParOldGen       total 129536K, used 16796K [0x00000000c0000000, 0x00000000c7e80000, 0x00000000eab00000)
  object space 129536K, 12% used [0x00000000c0000000,0x00000000c10673e0,0x00000000c7e80000)
 Metaspace       used 5645K, capacity 6960K, committed 7040K, reserved 1056768K
  class space    used 557K, capacity 616K, committed 640K, reserved 1048576K
Event: 12.424 GC heap after
Heap after GC invocations=16 (full 0):
 PSYoungGen      total 56832K, used 5036K [0x00000000eab00000, 0x00000000eea00000, 0x0000000100000000)
  eden space 50688K, 0% used [0x00000000eab00000,0x00000000eab00000,0x00000000edc80000)
  from space 6144K, 81% used [0x00000000ee300000,0x00000000ee7eb340,0x00000000ee900000)
  to   space 6656K, 0% used [0x00000000edc80000,0x00000000edc80000,0x00000000ee300000)
 ParOldGen       total 129536K, used 20883K [0x00000000c0000000, 0x00000000c7e80000, 0x00000000eab00000)
  object space 129536K, 16% used [0x00000000c0000000,0x00000000c1464ef8,0x00000000c7e80000)
 Metaspace       used 5645K, capacity 6960K, committed 7040K, reserved 1056768K
  class space    used 557K, capacity 616K, committed 640K, reserved 1048576K
}
Event: 13.585 GC heap before
{Heap before GC invocations=17 (full 0):
 PSYoungGen      total 56832K, used 55724K [0x00000000eab00000, 0x00000000eea00000, 0x0000000100000000)
  eden space 50688K, 100% used [0x00000000eab00000,0x00000000edc80000,0x00000000edc80000)
  from space 6144K, 81% used [0x00000000ee300000,0x00000000ee7eb340,0x00000000ee900000)
  to   space 6656K, 0% used [0x00000000edc80000,0x00000000edc80000,0x00000000ee300000)
 ParOldGen       total 129536K, used 20883K [0x00000000c0000000, 0x00000000c7e80000, 0x00000000eab00000)
  object space 129536K, 16% used [0x00000000c0000000,0x00000000c1464ef8,0x00000000c7e80000)
 Metaspace       used 5745K, capacity 6960K, committed 7040K, reserved 1056768K
  class space    used 575K, capacity 616K, committed 640K, reserved 1048576K
Event: 16.192 GC heap after
Heap after GC invocations=17 (full 0):
 PSYoungGen      total 57344K, used 6400K [0x00000000eab00000, 0x00000000eff80000, 0x0000000100000000)
  eden space 50688K, 0% used [0x00000000eab00000,0x00000000eab00000,0x00000000edc80000)
  from space 6656K, 96% used [0x00000000edc80000,0x00000000ee2c02a0,0x00000000ee300000)
  to   space 7680K, 0% used [0x00000000ef800000,0x00000000ef800000,0x00000000eff80000)
 ParOldGen       total 129536K, used 25667K [0x00000000c0000000, 0x00000000c7e80000, 0x00000000eab00000)
  object space 129536K, 19% used [0x00000000c0000000,0x00000000c1910d60,0x00000000c7e80000)
 Metaspace       used 5745K, capacity 6960K, committed 7040K, reserved 1056768K
  class space    used 575K, capacity 616K, committed 640K, reserved 1048576K
}
Event: 17.959 GC heap before
{Heap before GC invocations=18 (full 0):
 PSYoungGen      total 57344K, used 57088K [0x00000000eab00000, 0x00000000eff80000, 0x0000000100000000)
  eden space 50688K, 100% used [0x00000000eab00000,0x00000000edc80000,0x00000000edc80000)
  from space 6656K, 96% used [0x00000000edc80000,0x00000000ee2c02a0,0x00000000ee300000)
  to   space 7680K, 0% used [0x00000000ef800000,0x00000000ef800000,0x00000000eff80000)
 ParOldGen       total 129536K, used 25667K [0x00000000c0000000, 0x00000000c7e80000, 0x00000000eab00000)
  object space 129536K, 19% used [0x00000000c0000000,0x00000000c1910d60,0x00000000c7e80000)
 Metaspace       used 5769K, capacity 6960K, committed 7040K, reserved 1056768K
  class space    used 575K, capacity 616K, committed 640K, reserved 1048576K
Event: 18.207 GC heap after
Heap after GC invocations=18 (full 0):
 PSYoungGen      total 77824K, used 7102K [0x00000000eab00000, 0x00000000f0180000, 0x0000000100000000)
  eden space 70144K, 0% used [0x00000000eab00000,0x00000000eab00000,0x00000000eef80000)
  from space 7680K, 92% used [0x00000000ef800000,0x00000000efeef878,0x00000000eff80000)
  to   space 8704K, 0% used [0x00000000eef80000,0x00000000eef80000,0x00000000ef800000)
 ParOldGen       total 129536K, used 31895K [0x00000000c0000000, 0x00000000c7e80000, 0x00000000eab00000)
  object space 129536K, 24% used [0x00000000c0000000,0x00000000c1f25d50,0x00000000c7e80000)
 Metaspace       used 5769K, capacity 6960K, committed 7040K, reserved 1056768K
  class space    used 575K, capacity 616K, committed 640K, reserved 1048576K
}

Deoptimization events (10 events):
Event: 19.376 Thread 0x000000000238f000 Uncommon trap: reason=class_check action=maybe_recompile pc=0x0000000002e79110 method=java.util.Arrays.hashCode([Ljava/lang/Object;)I @ 43
Event: 19.376 Thread 0x000000000238f000 Uncommon trap: reason=class_check action=maybe_recompile pc=0x0000000002e79110 method=java.util.Arrays.hashCode([Ljava/lang/Object;)I @ 43
Event: 19.800 Thread 0x000000000238f000 Uncommon trap: reason=class_check action=maybe_recompile pc=0x0000000002d89a30 method=com.android.dx.util.FixedSizeList.equals(Ljava/lang/Object;)Z @ 25
Event: 19.899 Thread 0x000000000238f000 Uncommon trap: reason=class_check action=maybe_recompile pc=0x0000000002d89a30 method=com.android.dx.util.FixedSizeList.equals(Ljava/lang/Object;)Z @ 25
Event: 19.899 Thread 0x000000000238f000 Uncommon trap: reason=class_check action=maybe_recompile pc=0x0000000002d87e38 method=java.util.Arrays.equals([Ljava/lang/Object;[Ljava/lang/Object;)Z @ 62
Event: 19.899 Thread 0x000000000238f000 Uncommon trap: reason=class_check action=maybe_recompile pc=0x0000000002d89a30 method=com.android.dx.util.FixedSizeList.equals(Ljava/lang/Object;)Z @ 25
Event: 19.899 Thread 0x000000000238f000 Uncommon trap: reason=class_check action=maybe_recompile pc=0x0000000002d87e38 method=java.util.Arrays.equals([Ljava/lang/Object;[Ljava/lang/Object;)Z @ 62
Event: 19.899 Thread 0x000000000238f000 Uncommon trap: reason=class_check action=maybe_recompile pc=0x0000000002d89a30 method=com.android.dx.util.FixedSizeList.equals(Ljava/lang/Object;)Z @ 25
Event: 19.899 Thread 0x000000000238f000 Uncommon trap: reason=class_check action=maybe_recompile pc=0x0000000002d87e38 method=java.util.Arrays.equals([Ljava/lang/Object;[Ljava/lang/Object;)Z @ 62
Event: 19.899 Thread 0x000000000238f000 Uncommon trap: reason=class_check action=maybe_recompile pc=0x0000000002d87e38 method=java.util.Arrays.equals([Ljava/lang/Object;[Ljava/lang/Object;)Z @ 62

Internal exceptions (10 events):
Event: 19.753 Thread 0x000000000238f000 Exception <a 'java/security/PrivilegedActionException'> (0x00000000ee1c1600) thrown at [C:\re\workspace\8-2-build-windows-amd64-cygwin\jdk8u11\648\hotspot\src\share\vm\prims\jvm.cpp, line 1248]
Event: 19.754 Thread 0x000000000238f000 Exception <a 'java/security/PrivilegedActionException'> (0x00000000ee1c6878) thrown at [C:\re\workspace\8-2-build-windows-amd64-cygwin\jdk8u11\648\hotspot\src\share\vm\prims\jvm.cpp, line 1248]
Event: 19.756 Thread 0x000000000238f000 Exception <a 'java/security/PrivilegedActionException'> (0x00000000ee1cceb8) thrown at [C:\re\workspace\8-2-build-windows-amd64-cygwin\jdk8u11\648\hotspot\src\share\vm\prims\jvm.cpp, line 1248]
Event: 19.756 Thread 0x000000000238f000 Exception <a 'java/security/PrivilegedActionException'> (0x00000000ee1cfeb0) thrown at [C:\re\workspace\8-2-build-windows-amd64-cygwin\jdk8u11\648\hotspot\src\share\vm\prims\jvm.cpp, line 1248]
Event: 19.758 Thread 0x000000000238f000 Exception <a 'java/security/PrivilegedActionException'> (0x00000000ee1d4db8) thrown at [C:\re\workspace\8-2-build-windows-amd64-cygwin\jdk8u11\648\hotspot\src\share\vm\prims\jvm.cpp, line 1248]
Event: 19.759 Thread 0x000000000238f000 Exception <a 'java/security/PrivilegedActionException'> (0x00000000ee1d9548) thrown at [C:\re\workspace\8-2-build-windows-amd64-cygwin\jdk8u11\648\hotspot\src\share\vm\prims\jvm.cpp, line 1248]
Event: 19.799 Thread 0x000000000238f000 Exception <a 'java/security/PrivilegedActionException'> (0x00000000ee1ea530) thrown at [C:\re\workspace\8-2-build-windows-amd64-cygwin\jdk8u11\648\hotspot\src\share\vm\prims\jvm.cpp, line 1248]
Event: 19.800 Thread 0x000000000238f000 Exception <a 'java/security/PrivilegedActionException'> (0x00000000ee1ed5a0) thrown at [C:\re\workspace\8-2-build-windows-amd64-cygwin\jdk8u11\648\hotspot\src\share\vm\prims\jvm.cpp, line 1248]
Event: 19.801 Thread 0x000000000238f000 Exception <a 'java/security/PrivilegedActionException'> (0x00000000ee1f07e0) thrown at [C:\re\workspace\8-2-build-windows-amd64-cygwin\jdk8u11\648\hotspot\src\share\vm\prims\jvm.cpp, line 1248]
Event: 19.814 Thread 0x000000000238f000 Exception <a 'java/security/PrivilegedActionException'> (0x00000000ee2012c0) thrown at [C:\re\workspace\8-2-build-windows-amd64-cygwin\jdk8u11\648\hotspot\src\share\vm\prims\jvm.cpp, line 1248]

Events (10 events):
Event: 19.982 Thread 0x000000000238f000 DEOPT PACKING pc=0x00000000031a0dcd sp=0x00000000026aef00
Event: 19.982 Thread 0x000000000238f000 DEOPT UNPACKING pc=0x00000000029c7604 sp=0x00000000026aec50 mode 0
Event: 19.985 Thread 0x000000000238f000 DEOPT PACKING pc=0x00000000031a240b sp=0x00000000026aef60
Event: 19.985 Thread 0x000000000238f000 DEOPT UNPACKING pc=0x00000000029c7604 sp=0x00000000026aecd0 mode 0
Event: 19.988 Thread 0x000000000238f000 DEOPT PACKING pc=0x00000000031a2b86 sp=0x00000000026aee70
Event: 19.988 Thread 0x000000000238f000 DEOPT UNPACKING pc=0x00000000029c7604 sp=0x00000000026aebf8 mode 0
Event: 20.011 Thread 0x000000000238f000 DEOPT PACKING pc=0x00000000031a58ec sp=0x00000000026aec10
Event: 20.011 Thread 0x000000000238f000 DEOPT UNPACKING pc=0x00000000029c7604 sp=0x00000000026aea58 mode 0
Event: 20.028 Thread 0x000000000238f000 DEOPT PACKING pc=0x000000000319d071 sp=0x00000000026aee70
Event: 20.028 Thread 0x000000000238f000 DEOPT UNPACKING pc=0x00000000029c7604 sp=0x00000000026aebe8 mode 0


Dynamic libraries:
0x000000013fd10000 - 0x000000013fd44000 	C:\Program Files\Java\jdk1.8.0_11\bin\java.exe
0x0000000077c80000 - 0x0000000077e29000 	C:\Windows\SYSTEM32\ntdll.dll
0x0000000077a60000 - 0x0000000077b80000 	C:\Windows\system32\kernel32.dll
0x000007fefc950000 - 0x000007fefc9bc000 	C:\Windows\system32\KERNELBASE.dll
0x000007fefcf70000 - 0x000007fefd04b000 	C:\Windows\system32\ADVAPI32.dll
0x000007fefd430000 - 0x000007fefd4cf000 	C:\Windows\system32\msvcrt.dll
0x000007fefe9a0000 - 0x000007fefe9bf000 	C:\Windows\SYSTEM32\sechost.dll
0x000007fefd280000 - 0x000007fefd3ad000 	C:\Windows\system32\RPCRT4.dll
0x0000000077b80000 - 0x0000000077c7a000 	C:\Windows\system32\USER32.dll
0x000007fefeae0000 - 0x000007fefeb47000 	C:\Windows\system32\GDI32.dll
0x000007fefead0000 - 0x000007fefeade000 	C:\Windows\system32\LPK.dll
0x000007fefd130000 - 0x000007fefd1f9000 	C:\Windows\system32\USP10.dll
0x000007fefafb0000 - 0x000007fefb1a4000 	C:\Windows\WinSxS\amd64_microsoft.windows.common-controls_6595b64144ccf1df_6.0.7601.18837_none_fa3b1e3d17594757\COMCTL32.dll
0x000007fefd3b0000 - 0x000007fefd421000 	C:\Windows\system32\SHLWAPI.dll
0x000007fefe580000 - 0x000007fefe5ae000 	C:\Windows\system32\IMM32.DLL
0x000007fefeb50000 - 0x000007fefec59000 	C:\Windows\system32\MSCTF.dll
0x000007fef5820000 - 0x000007fef58b1000 	C:\Program Files (x86)\AVG\AVG2015\avghooka.dll
0x000000005fef0000 - 0x000000005ffc2000 	C:\Program Files\Java\jdk1.8.0_11\jre\bin\msvcr100.dll
0x000000005a6b0000 - 0x000000005aeda000 	C:\Program Files\Java\jdk1.8.0_11\jre\bin\server\jvm.dll
0x000007fef6aa0000 - 0x000007fef6aa9000 	C:\Windows\system32\WSOCK32.dll
0x000007fefe260000 - 0x000007fefe2ad000 	C:\Windows\system32\WS2_32.dll
0x000007fefeac0000 - 0x000007fefeac8000 	C:\Windows\system32\NSI.dll
0x000007fef95b0000 - 0x000007fef95eb000 	C:\Windows\system32\WINMM.dll
0x0000000077e50000 - 0x0000000077e57000 	C:\Windows\system32\PSAPI.DLL
0x0000000074220000 - 0x000000007422f000 	C:\Program Files\Java\jdk1.8.0_11\jre\bin\verify.dll
0x000000006a000000 - 0x000000006a028000 	C:\Program Files\Java\jdk1.8.0_11\jre\bin\java.dll
0x000000006dd80000 - 0x000000006dd96000 	C:\Program Files\Java\jdk1.8.0_11\jre\bin\zip.dll
0x000007fefd4d0000 - 0x000007fefe259000 	C:\Windows\system32\SHELL32.dll
0x000007fefe5b0000 - 0x000007fefe7b3000 	C:\Windows\system32\ole32.dll
0x000007fefc700000 - 0x000007fefc70f000 	C:\Windows\system32\profapi.dll
0x000007fef3ea0000 - 0x000007fef3fc5000 	C:\Windows\system32\dbghelp.dll

VM Arguments:
jvm_args: -Djava.awt.headless=true -Xmx1024M -Dfile.encoding=windows-1252 -Duser.country=US -Duser.language=en -Duser.variant 
java_command: com.android.dx.command.Main --dex --output C:\Users\fred\AndroidStudioProjects\Seat97\app\build\intermediates\pre-dexed\debug\com.android.support-appcompat-v7-23.1.1_b3e9c340d3f94c1e7e2fc8957c21ea503158bb54.jar C:\Users\fred\AndroidStudioProjects\Seat97\app\build\intermediates\exploded-aar\com.android.support\appcompat-v7\23.1.1\jars\classes.jar
java_class_path (initial): C:\Users\fred\AppData\Local\Android\Sdk\build-tools\21.1.2\lib\dx.jar
Launcher Type: SUN_STANDARD

Environment Variables:
PATH=C:\ProgramData\Oracle\Java\javapath;C:\Program Files (x86)\Intel\iCLS Client\;C:\Program Files\Intel\iCLS Client\;C:\Program Files\Common Files\Microsoft Shared\Windows Live;C:\Program Files (x86)\Common Files\Microsoft Shared\Windows Live;C:\Windows\system32;C:\Windows;C:\Windows\System32\Wbem;C:\Windows\System32\WindowsPowerShell\v1.0\;C:\Program Files (x86)\Windows Live\Shared;C:\Program Files\Intel\Intel(R) Management Engine Components\DAL;C:\Program Files\Intel\Intel(R) Management Engine Components\IPT;C:\Program Files (x86)\Intel\Intel(R) Management Engine Components\DAL;C:\Program Files (x86)\Intel\Intel(R) Management Engine Components\IPT;C:\Program Files (x86)\Common Files\Acronis\SnapAPI\;C:\Program Files\Microsoft SQL Server\110\Tools\Binn\;C:\Program Files\cURL\bin;C:\Program Files\Intel\WiFi\bin\;C:\Program Files\Common Files\Intel\WirelessCommon\;C:\Program Files (x86)\Common Files\Ulead Systems\MPEG;C:\Program Files (x86)\Intel\OpenCL SDK\2.0\bin\x86;C:\Program Files (x86)\Intel\OpenCL SDK\2.0\bin\x64;C:\Program Files (x86)\QuickTime\QTSystem\;C:\Program Files\Intel\WiFi\bin\;C:\Program Files\Common Files\Intel\WirelessCommon\
USERNAME=fred
OS=Windows_NT
PROCESSOR_IDENTIFIER=Intel64 Family 6 Model 58 Stepping 9, GenuineIntel



---------------  S Y S T E M  ---------------

OS: Windows 7 , 64 bit Build 7601 Service Pack 1

CPU:total 4 (2 cores per cpu, 2 threads per core) family 6 model 58 stepping 9, cmov, cx8, fxsr, mmx, sse, sse2, sse3, ssse3, sse4.1, sse4.2, popcnt, avx, aes, clmul, erms, ht, tsc, tscinvbit

Memory: 4k page, physical 8288576k(1157196k free), swap 8286740k(4928k free)

vm_info: Java HotSpot(TM) 64-Bit Server VM (25.11-b03) for windows-amd64 JRE (1.8.0_11-b12), built on Jun 16 2014 20:57:32 by "java_re" with MS VC++ 10.0 (VS2010)

time: Wed Dec 02 13:26:26 2015
elapsed time: 20 seconds

